<?xml version="1.0" encoding="UTF-8"?>
<!-- Generated by org.testng.reporters.JUnitXMLReporter -->
<testsuite ignored="0" hostname="DESKTOP-K4GP7T7" failures="0" tests="5" name="Default test" time="11.867" errors="0" timestamp="2025-07-08T12:57:33 IST">
  <testcase classname="tests.UserTest1_withData" name="postUser" time="6.121"/>
  <testcase classname="tests.UserTest1_withData" name="postUser" time="1.146"/>
  <testcase classname="tests.UserTest1_withData" name="postUser" time="1.133"/>
  <testcase classname="tests.UserTest1_withData" name="postUser" time="1.219"/>
  <testcase classname="tests.UserTest1_withData" name="postUser" time="1.169"/>
</testsuite> <!-- Default test -->
