<?xml version="1.0" encoding="UTF-8"?>
<!-- Generated by org.testng.reporters.JUnitXMLReporter -->
<testsuite ignored="0" hostname="DESKTOP-K4GP7T7" failures="0" tests="5" name="Test" time="26.5" errors="0" timestamp="2025-07-08T13:22:59 IST">
  <testcase classname="tests.UserTest1_withData" name="postUser" time="8.902"/>
  <testcase classname="tests.UserTest1_withData" name="postUser" time="1.257"/>
  <testcase classname="tests.UserTest1_withData" name="postUser" time="1.213"/>
  <testcase classname="tests.UserTest1_withData" name="postUser" time="1.262"/>
  <testcase classname="tests.UserTest1_withData" name="postUser" time="1.235"/>
</testsuite> <!-- Test -->
