<?xml version="1.0" encoding="UTF-8"?>
<testng-results ignored="0" total="5" passed="5" failed="0" skipped="0">
  <reporter-output>
  </reporter-output>
  <suite started-at="2025-07-08T13:22:33 IST" name="Suite" finished-at="2025-07-08T13:22:59 IST" duration-ms="26500">
    <groups>
    </groups>
    <test started-at="2025-07-08T13:22:33 IST" name="Test" finished-at="2025-07-08T13:22:59 IST" duration-ms="26500">
      <class name="tests.UserTest1_withData">
        <test-method signature="postUser(java.lang.String, java.lang.String, java.lang.String, java.lang.String, java.lang.String, java.lang.String, java.lang.String, java.lang.String)[pri:1, instance:tests.UserTest1_withData@49c386c8]" started-at="2025-07-08T13:22:45 IST" name="postUser" data-provider="userdata" finished-at="2025-07-08T13:22:54 IST" duration-ms="8902" status="PASS">
          <params>
            <param index="0">
              <value>
                <![CDATA[101]]>
              </value>
            </param>
            <param index="1">
              <value>
                <![CDATA[john_doe]]>
              </value>
            </param>
            <param index="2">
              <value>
                <![CDATA[John]]>
              </value>
            </param>
            <param index="3">
              <value>
                <![CDATA[Doe]]>
              </value>
            </param>
            <param index="4">
              <value>
                <![CDATA[john.doe@example.com]]>
              </value>
            </param>
            <param index="5">
              <value>
                <![CDATA[John@1234]]>
              </value>
            </param>
            <param index="6">
              <value>
                <![CDATA[1234567890]]>
              </value>
            </param>
            <param index="7">
              <value>
                <![CDATA[1]]>
              </value>
            </param>
          </params>
          <reporter-output>
          </reporter-output>
        </test-method> <!-- postUser -->
        <test-method signature="postUser(java.lang.String, java.lang.String, java.lang.String, java.lang.String, java.lang.String, java.lang.String, java.lang.String, java.lang.String)[pri:1, instance:tests.UserTest1_withData@49c386c8]" started-at="2025-07-08T13:22:54 IST" name="postUser" data-provider="userdata" finished-at="2025-07-08T13:22:56 IST" duration-ms="1257" status="PASS">
          <params>
            <param index="0">
              <value>
                <![CDATA[102]]>
              </value>
            </param>
            <param index="1">
              <value>
                <![CDATA[jane_smith]]>
              </value>
            </param>
            <param index="2">
              <value>
                <![CDATA[Jane]]>
              </value>
            </param>
            <param index="3">
              <value>
                <![CDATA[Smith]]>
              </value>
            </param>
            <param index="4">
              <value>
                <![CDATA[jane.smith@example.com]]>
              </value>
            </param>
            <param index="5">
              <value>
                <![CDATA[Jane@1234]]>
              </value>
            </param>
            <param index="6">
              <value>
                <![CDATA[2345678901]]>
              </value>
            </param>
            <param index="7">
              <value>
                <![CDATA[1]]>
              </value>
            </param>
          </params>
          <reporter-output>
          </reporter-output>
        </test-method> <!-- postUser -->
        <test-method signature="postUser(java.lang.String, java.lang.String, java.lang.String, java.lang.String, java.lang.String, java.lang.String, java.lang.String, java.lang.String)[pri:1, instance:tests.UserTest1_withData@49c386c8]" started-at="2025-07-08T13:22:56 IST" name="postUser" data-provider="userdata" finished-at="2025-07-08T13:22:57 IST" duration-ms="1213" status="PASS">
          <params>
            <param index="0">
              <value>
                <![CDATA[103]]>
              </value>
            </param>
            <param index="1">
              <value>
                <![CDATA[mike_brown]]>
              </value>
            </param>
            <param index="2">
              <value>
                <![CDATA[Mike]]>
              </value>
            </param>
            <param index="3">
              <value>
                <![CDATA[Brown]]>
              </value>
            </param>
            <param index="4">
              <value>
                <![CDATA[mike.brown@example.com]]>
              </value>
            </param>
            <param index="5">
              <value>
                <![CDATA[Mike@1234]]>
              </value>
            </param>
            <param index="6">
              <value>
                <![CDATA[3456789012]]>
              </value>
            </param>
            <param index="7">
              <value>
                <![CDATA[0]]>
              </value>
            </param>
          </params>
          <reporter-output>
          </reporter-output>
        </test-method> <!-- postUser -->
        <test-method signature="postUser(java.lang.String, java.lang.String, java.lang.String, java.lang.String, java.lang.String, java.lang.String, java.lang.String, java.lang.String)[pri:1, instance:tests.UserTest1_withData@49c386c8]" started-at="2025-07-08T13:22:57 IST" name="postUser" data-provider="userdata" finished-at="2025-07-08T13:22:58 IST" duration-ms="1262" status="PASS">
          <params>
            <param index="0">
              <value>
                <![CDATA[104]]>
              </value>
            </param>
            <param index="1">
              <value>
                <![CDATA[lisa_white]]>
              </value>
            </param>
            <param index="2">
              <value>
                <![CDATA[Lisa]]>
              </value>
            </param>
            <param index="3">
              <value>
                <![CDATA[White]]>
              </value>
            </param>
            <param index="4">
              <value>
                <![CDATA[lisa.white@example.com]]>
              </value>
            </param>
            <param index="5">
              <value>
                <![CDATA[Lisa@1234]]>
              </value>
            </param>
            <param index="6">
              <value>
                <![CDATA[4567890123]]>
              </value>
            </param>
            <param index="7">
              <value>
                <![CDATA[1]]>
              </value>
            </param>
          </params>
          <reporter-output>
          </reporter-output>
        </test-method> <!-- postUser -->
        <test-method signature="postUser(java.lang.String, java.lang.String, java.lang.String, java.lang.String, java.lang.String, java.lang.String, java.lang.String, java.lang.String)[pri:1, instance:tests.UserTest1_withData@49c386c8]" started-at="2025-07-08T13:22:58 IST" name="postUser" data-provider="userdata" finished-at="2025-07-08T13:22:59 IST" duration-ms="1235" status="PASS">
          <params>
            <param index="0">
              <value>
                <![CDATA[105]]>
              </value>
            </param>
            <param index="1">
              <value>
                <![CDATA[tom_hardy]]>
              </value>
            </param>
            <param index="2">
              <value>
                <![CDATA[Tom]]>
              </value>
            </param>
            <param index="3">
              <value>
                <![CDATA[Hardy]]>
              </value>
            </param>
            <param index="4">
              <value>
                <![CDATA[tom.hardy@example.com]]>
              </value>
            </param>
            <param index="5">
              <value>
                <![CDATA[Tom@1234]]>
              </value>
            </param>
            <param index="6">
              <value>
                <![CDATA[5678901234]]>
              </value>
            </param>
            <param index="7">
              <value>
                <![CDATA[1]]>
              </value>
            </param>
          </params>
          <reporter-output>
          </reporter-output>
        </test-method> <!-- postUser -->
      </class> <!-- tests.UserTest1_withData -->
    </test> <!-- Test -->
  </suite> <!-- Suite -->
</testng-results>
